Category, Sink ID, Process ID, Thread ID, Time (Ticks), Text
PROCESS_OUTPUT,STREAM_STDIO,39,100193,2907549703383,"launching : /host/V:\Console-Game\Console Game Project\PS4\Build\eboot.self 
"
PROCESS_OUTPUT,STREAM_STDIO,39,100193,2907669942566,"[Syscore App]TRACE : W:\Build\J02628837\sys\internal\syscore\app\app_syscore_event.cpp 926 setWaitState()
"
PROCESS_OUTPUT,STREAM_STDIO,39,100193,2907670054386,"[Syscore App] Syscore Event Queue Push : SCE_SYSCORE_EVENT_LAUNCH_REQUEST_FROM_DEBUGGER
"
PROCESS_OUTPUT,STREAM_STDIO,39,100193,2907670097687,"[Syscore App]TRACE : W:\Build\J02628837\sys\internal\syscore\app\app_syscore_event.cpp 961 receiveResult()
"
PROCESS_OUTPUT,STREAM_STDIO,39,100151,2907671196816,"[Syscore App] Syscore Event Queue Pop : SCE_SYSCORE_EVENT_LAUNCH_REQUEST_FROM_DEBUGGER
"
PROCESS_OUTPUT,STREAM_STDIO,39,100145,2907695199999,"[Syscore Umd] Switching to Neo mode.
"
CP_KERNEL_OUTPUT,STREAM_SYSCON,0,0,1824139935,"[Syscore Umd] Switching to Neo mode.
"
PROCESS_OUTPUT,STREAM_STDIO,49,100823,2907715480749,"[VCS]checkCpuUsage() [LNC->VCS] ShellUI is Fg. Recover cpu usage.
"
PROCESS_OUTPUT,STREAM_STDIO,39,100145,2907747558422,"[Syscore App] W:\Build\J02628837\sys\internal\syscore\app/process_monitor.h(250) m_currentMode=1
"
PROCESS_OUTPUT,STREAM_STDIO,42,100158,2907747979856,"[SceSystemStateMgr] CPU  HLT CP SE CU ACLK DCLK ECLK LCLK SCLK SAMCLK VCLK DispCLK NCLK MemCLK MemP GMC DPM VDD      VDDNB    S"
PROCESS_OUTPUT,STREAM_STDIO,42,100158,2907748036682,"OC      
"
PROCESS_OUTPUT,STREAM_STDIO,42,100158,2907748082493,"[SceSystemStateMgr] 2100   1 GL  2 16  711  673  711  711  800    609  711     673 1400   1375 GAME  GL   3 050/1043 057/987  0"
PROCESS_OUTPUT,STREAM_STDIO,42,100158,2907748138045,"0740f12
"
PROCESS_OUTPUT,STREAM_STDIO,42,100222,2907751337607,"[PS]Error: W:\Build\J02628840\vsh\shell\shell_core\process_starter\process_mount.cpp at 1218
"
PROCESS_OUTPUT,STREAM_STDIO,42,100222,2907751442410,"sceRifManagerPlayFirstTrialSwitchTimerState return 809c0201 [ent=ED1633-NPXX51362_00-0000000000000000, user=107182a4 pft=2]
"
PROCESS_OUTPUT,STREAM_STDIO,42,100222,2907773773265,"[libSceSaveData] wait 0 msec for session killed
"
PROCESS_OUTPUT,STREAM_STDIO,42,100222,2907774663835,"[SceRnpsAppMgr] UnblockAllAppInstall(): NPXX51362(appId=0x6000100a)
"
PROCESS_OUTPUT,STREAM_STDIO,42,100229,2907776805379,"[SceLncService] KillApp() appId={0x6000110b}, withSuspend={1}, forceKill={1} killReason={0}
"
PROCESS_OUTPUT,STREAM_STDIO,42,100229,2907777811264,"[SceLncService] BlockingKill() appId={0x6000110b}, titleId={NPXS22010}, is_coredumpFinished={0}, forceKill={1}
"
PROCESS_OUTPUT,STREAM_STDIO,42,100229,2907777879571,"[SceLncService] convertToSysCoreKillReason: {0x00000000}->{0x00000000}
"
PROCESS_OUTPUT,STREAM_STDIO,39,100153,2907777985988,"[Syscore App] Kill App : 0x6000110b NPXS22010
"
PROCESS_OUTPUT,STREAM_STDIO,39,100153,2907778070180,"[Syscore App] Kill process: 0x46
"
PROCESS_OUTPUT,STREAM_STDIO,39,100135,2907780730256,"[mbus] onSessionKilled. pid=70
"
PROCESS_OUTPUT,STREAM_STDIO,39,100135,2907783970254,"@ removeSession:L184
"
PROCESS_OUTPUT,STREAM_STDIO,49,100824,2907785998187,"[VCS]closeSession() [APP->VCS] clientPid = 0x46.
"
PROCESS_OUTPUT,STREAM_STDIO,44,100615,2907786348281,"#PROFILE CACHE#: \profile_cache_server_event.cpp(92) : onSessionKilled : 
"
PROCESS_OUTPUT,STREAM_STDIO,39,100137,2907815837808,"[Syscore App] EVFILT_PROC NOTE_EXIT received : pid=0x46
"
PROCESS_OUTPUT,STREAM_STDIO,39,100153,2907817006233,"[Syscore App] Kill process: 0x46 => 0
"
PROCESS_OUTPUT,STREAM_STDIO,39,100153,2907819816138,"[AppMgr Trace]: pid=0x46, deleted.
"
PROCESS_OUTPUT,STREAM_STDIO,39,100153,2907819900915,"[Syscore App] Syscore Event Queue Push : SCE_SYSCORE_EVENT_ON_PROCESS_UNLOADED
"
PROCESS_OUTPUT,STREAM_STDIO,39,100153,2907819946725,"[AppMgr] All processes exited
"
PROCESS_OUTPUT,STREAM_STDIO,39,100153,2907820089685,"[Syscore App] Syscore Event Queue Push : SCE_SYSCORE_EVENT_ON_APP_UNLOADED
"
PROCESS_OUTPUT,STREAM_STDIO,39,100153,2907820135429,"[AppMgr Trace]: AppId=0x6000110b  deleted
"
PROCESS_OUTPUT,STREAM_STDIO,39,100153,2907820251049,"[Syscore App] Kill App : 0xffffffff  => 0
"
PROCESS_OUTPUT,STREAM_STDIO,39,100153,2907820299130,"[Syscore App] blockingKill(0x6000110b, 1) complete
"
PROCESS_OUTPUT,STREAM_STDIO,39,100153,2907820383817,"[AppMgr] checkAppTerminated invalid app.
"
PROCESS_OUTPUT,STREAM_STDIO,39,100153,2907820552488,"[Syscore App]  ExpandCpuSetMode : enable
"
PROCESS_OUTPUT,STREAM_STDIO,39,100148,2907820781018,"[Syscore App] Syscore Event Queue Pop : SCE_SYSCORE_EVENT_ON_PROCESS_UNLOADED
"
PROCESS_OUTPUT,STREAM_STDIO,42,100229,2907820824884,"[SceLncService] start unmountAllForShellCoreInternal()
"
PROCESS_OUTPUT,STREAM_STDIO,42,100229,2907820863153,"[SceLncService] end unmountAllForShellCoreInternal()
"
PROCESS_OUTPUT,STREAM_STDIO,39,100150,2907821206577,"[Syscore App] Syscore Event Queue Pop : SCE_SYSCORE_EVENT_ON_APP_UNLOADED
"
PROCESS_OUTPUT,STREAM_STDIO,42,100222,2907824379635,"[libSceSaveData] wait 0 msec for session killed
"
PROCESS_OUTPUT,STREAM_STDIO,42,100222,2907824493380,"[SceRnpsAppMgr] UnblockAllAppInstall(): NPXS22010(appId=0x6000110b)
"
PROCESS_OUTPUT,STREAM_STDIO,44,100491,2907829374491,"[SceShellUI] I/PSM.UI : OnFocusActiveSceneChanged [AppScreen : ApplicationScreenScene] -> [ContentAreaScene : ContentAreaScene]"
PROCESS_OUTPUT,STREAM_STDIO,44,100491,2907829492520,"
"
PROCESS_OUTPUT,STREAM_STDIO,44,100491,2907829545970,"[SceShellUI] I/PSM.UI :      Scene [ContentAreaScene : ContentAreaScene] : Alive
"
PROCESS_OUTPUT,STREAM_STDIO,44,100491,2907830182298,"SetDeviceIndexBehavior: mode=SpecificUser, param=0x107182a4
"
PROCESS_OUTPUT,STREAM_STDIO,44,100491,2907831067058,"[Theme/I] : ActiveUserChanged : From : [ANONYMOUS(userId = ffffffff)]
"
PROCESS_OUTPUT,STREAM_STDIO,44,100491,2907831265647,"[Theme/I] : ActiveUserChanged : To   : [BLUE(userId = 107182a4)]
"
PROCESS_OUTPUT,STREAM_STDIO,44,100491,2907832253605,"[Theme/I] : Apply [BLUE] : [Option:111111]: with preloaded user
"
PROCESS_OUTPUT,STREAM_STDIO,44,100491,2907838396414,"[SceShellUI] I/PSM.UI : [FirstClear] : ClearFrameBuffer=False
"
PROCESS_OUTPUT,STREAM_STDIO,39,100137,2907843724277,"[Syscore App] process delete event : pid=0x46
"
PROCESS_OUTPUT,STREAM_STDIO,42,100222,2907852174678,"[PS]Error: W:\Build\J02628840\vsh\shell\shell_core\process_starter\process_mount.cpp at 1218
"
PROCESS_OUTPUT,STREAM_STDIO,42,100222,2907852554199,"sceRifManagerPlayFirstTrialSwitchTimerState return 809c0201 [ent=ED1633-NPXX51362_00-0000000000000000, user=107182a4 pft=5]
"
PROCESS_OUTPUT,STREAM_STDIO,47,100747,2907868175884,"[UIProcess] malloc stats freeSize:41264960 (98%) inuseSize:678080 peakSize:678688 [pid:0x2f]
"
PROCESS_OUTPUT,STREAM_STDIO,42,100206,2907869203100,"[SL] AppFocusChanged [NPXX51362] -> [NPXS20001]
"
PROCESS_OUTPUT,STREAM_STDIO,42,101601,2907877674956,"[SceLncService] ProcessTerm()
"
PROCESS_OUTPUT,STREAM_STDIO,42,101601,2907878886060,"[SceLncService] ProcessTerm() returned
"
PROCESS_OUTPUT,STREAM_STDIO,42,100229,2907881488350,"[SceLncService] convertToSysCoreKillReason: {0x00000000}->{0x00000000}
"
PROCESS_OUTPUT,STREAM_STDIO,42,100229,2907882502736,"[SceLncService] Cleaning /av_contents/content_tmp
"
PROCESS_OUTPUT,STREAM_STDIO,44,100731,2907941143919,"[WARN]:[video_recording_wrapper]: sceVideoRecordingClose(0) ret=0x80a8000a
"
PROCESS_OUTPUT,STREAM_STDIO,42,101614,2907954076444,"[SceLncService] ProcessTerm()
"
PROCESS_OUTPUT,STREAM_STDIO,42,101614,2907955036769,"[sceProcessStarter] ProcessTerm() big/mini app title_id = [NPXX51362] root_dir = [/mnt/sandbox/DBUG00003_000]
"
PROCESS_OUTPUT,STREAM_STDIO,42,101614,2907984543697,"[BGFT] [641] GameStopped(NPXX51362, 3) start
"
PROCESS_OUTPUT,STREAM_STDIO,49,100822,2907985522932,"[VCS]checkFocusStatus() [LNC->VCS] Focus Change. appType = 1(SHELL_UI). appId = 0x60000201.
"
PROCESS_OUTPUT,STREAM_STDIO,42,101614,2907989358412,"[BGFT] [643] GameStopped(NPXX51362, 3) end
"
PROCESS_OUTPUT,STREAM_STDIO,42,101614,2907992076603,"[SceLncService] ProcessTerm() returned
"
PROCESS_OUTPUT,STREAM_STDIO,40,100168,2908008283770,"#### AudioOut recovery is done [947016(594)-] (947016 15876499)
"
PROCESS_OUTPUT,STREAM_STDIO,49,100822,2908146136459,"[VCS]checkApplicationStatus() [LNC->VCS] App was Killed. appId = 0x6000100a.
"
PROCESS_OUTPUT,STREAM_STDIO,49,100822,2908146332729,"[VCS]checkApplicationStatus() [LNC->VCS] App was Killed. appId = 0x6000110b.
"
PROCESS_OUTPUT,STREAM_STDIO,42,100229,2908151772334,"[SceLncService] category={gd} VRMode={0,0}
"
PROCESS_OUTPUT,STREAM_STDIO,42,100229,2908152042183,"[SceLncService] hnm,psnf,pc,tk,ns={1,0,1,0,1} appBootMode={1}
"
PROCESS_OUTPUT,STREAM_STDIO,42,100229,2908152093327,"[SceLncService] appType={SCE_LNC_APP_TYPE_BIG_APP} [DEBUGGER] appVer={01.00}
"
PROCESS_OUTPUT,STREAM_STDIO,42,100229,2908152134110,"[SceLncService] Waiting for LoginMgr
"
PROCESS_OUTPUT,STREAM_STDIO,42,100229,2908152175073,"[SceLncService] Num. of logged-in users is 1
"
PROCESS_OUTPUT,STREAM_STDIO,42,100229,2908152272806,"[SceLncService] PrepareProcessLaunchDebuggerCheck()
"
PROCESS_OUTPUT,STREAM_STDIO,42,100229,2908198964338,"[SceLncService] PrepareProcessLaunchDebuggerCheck() returned
"
PROCESS_OUTPUT,STREAM_STDIO,42,100222,2908200508265,"[SceSystemStateMgr] Power Mode Change: FULL_GAME
"
PROCESS_OUTPUT,STREAM_STDIO,39,100146,2908214224446,"[Syscore Umd] Set memory pstate (hasRunningGame=0, hasRunningMiniApp=0, isSplashDisplayed=0
"
CP_KERNEL_OUTPUT,STREAM_SYSCON,0,0,1824470396,"[Syscore Umd] Set memory pstate (hasRunningGame=0, hasRunningMiniApp=0, isSplashDisplayed=0
"
PROCESS_OUTPUT,STREAM_STDIO,42,100222,2908520666101,"[SceSystemStateMgr] Bug#183465 workaround is activated. vid_diff = -3, mgcg = 1
"
PROCESS_OUTPUT,STREAM_STDIO,44,100595,2908541035840,"GetPlusInfoJob : Run(Start)
"
PROCESS_OUTPUT,STREAM_STDIO,44,100595,2908541562605,"GetPlusInfoJob : Run(End)
"
PROCESS_OUTPUT,STREAM_STDIO,39,100142,2908546156257,"[Syscore Umd] Switching to Neo mode.
"
CP_KERNEL_OUTPUT,STREAM_SYSCON,0,0,1824674020,"[Syscore Umd] Switching to Neo mode.
"
PROCESS_OUTPUT,STREAM_STDIO,44,100491,2908569025887,"GetPlusInfoJob : Finish / Cancelled False / Result True
"
PROCESS_OUTPUT,STREAM_STDIO,44,100491,2908569147101,"[UpdateUserInfoforPlus] upd_userId : 275874468 / type : None
"
PROCESS_OUTPUT,STREAM_STDIO,39,100142,2908598594925,"[Syscore App] W:\Build\J02628837\sys\internal\syscore\app/process_monitor.h(250) m_currentMode=2
"
PROCESS_OUTPUT,STREAM_STDIO,42,100222,2908598902349,"[SceSystemStateMgr] CPU  HLT CP SE CU ACLK DCLK ECLK LCLK SCLK SAMCLK VCLK DispCLK NCLK MemCLK MemP GMC DPM VDD      VDDNB    S"
PROCESS_OUTPUT,STREAM_STDIO,42,100222,2908598957447,"OC      
"
PROCESS_OUTPUT,STREAM_STDIO,42,100222,2908598998938,"[SceSystemStateMgr] 2100   0 GL  4 36  800  853  711  800  911    800  984     673 1700   1700   GL  GL   3 050/1037 043/1087 0"
PROCESS_OUTPUT,STREAM_STDIO,42,100222,2908599057368,"0740f12
"
PROCESS_OUTPUT,STREAM_STDIO,42,100229,2908599529063,"[SceLncService] PrepareProcessLaunchDebugger()
"
PROCESS_OUTPUT,STREAM_STDIO,42,100229,2908697932448,"[BGFT] [606] GameWillStart(NPXX51362, 3) start
"
PROCESS_OUTPUT,STREAM_STDIO,42,100229,2908698003803,"[BGFT] [608] GameWillStart(NPXX51362, 3) end
"
PROCESS_OUTPUT,STREAM_STDIO,42,100229,2908698613702,"sceNpAsmClientGetServiceIdInfoA() ret = 0x8055000a (Service ID list for AC obtainment failure)
"
PROCESS_OUTPUT,STREAM_STDIO,42,100229,2908707529848,"[SceLncService] PrepareProcessLaunchDebugger() returned
"
PROCESS_OUTPUT,STREAM_STDIO,42,100229,2908732786160,"[SceLncService] spawnApp
"
PROCESS_OUTPUT,STREAM_STDIO,39,100150,2908733257248,"[Syscore App] createApp NPXX51362
"
PROCESS_OUTPUT,STREAM_STDIO,39,100150,2908733629606,"[Syscore App]  ExpandCpuSetMode : disable
"
PROCESS_OUTPUT,STREAM_STDIO,39,100150,2908734269005,"[Syscore App] processSpawn(pid, 0x6000120a, 0x1120a160, appParam, processParam, 1, 1, 1, param, debug, 0)
"
PROCESS_OUTPUT,STREAM_STDIO,39,100150,2908734502159,"[Syscore App] appParam: appType = 0, rootPath = /mnt/sandbox/DBUG00004_000, titleId = NPXX51362
"
PROCESS_OUTPUT,STREAM_STDIO,39,100150,2908734690434,"[Syscore App] processParam: elfPath = /host/V:\Console-Game\Console Game Project\PS4\Build\eboot.self, fullPath = /host/V:\Cons"
PROCESS_OUTPUT,STREAM_STDIO,39,100150,2908734743267,"ole-Game\Console Game Project\PS4\Build\eboot.self
"
PROCESS_OUTPUT,STREAM_STDIO,39,100150,2908745574941,"[Syscore App] new pid=0x47[Syscore App] attributeExe= 0
"
PROCESS_OUTPUT,STREAM_STDIO,39,100150,2908749213024,"[Syscore App] Ready to exec
"
PROCESS_OUTPUT,STREAM_STDIO,39,100150,2908749309144,"[Syscore App] wait for NOTE_EXIT|NOTE_EXEC
"
PROCESS_OUTPUT,STREAM_STDIO,49,100823,2908767561083,"[VCS]checkCpuUsage() [LNC->VCS] ShellUI is Bg. Reduce cpu usage.
"
PROCESS_OUTPUT,STREAM_STDIO,39,100150,2909607808863,"[Syscore App] Add event : pid=0x47
"
PROCESS_OUTPUT,STREAM_STDIO,39,100150,2909607975284,"[AppMgr Trace]: New Process, pid=0x47, created.
"
PROCESS_OUTPUT,STREAM_STDIO,39,100150,2909608086559,"[AppMgr Trace]: New App, appId=0x6000120a, created
"
PROCESS_OUTPUT,STREAM_STDIO,39,100150,2909608382573,"[Syscore App]  ExpandCpuSetMode : disable
"
PROCESS_OUTPUT,STREAM_STDIO,42,100222,2909616813963,"[PS]Error: W:\Build\J02628840\vsh\shell\shell_core\process_starter\process_mount.cpp at 1218
"
PROCESS_OUTPUT,STREAM_STDIO,42,100222,2909616959762,"sceRifManagerPlayFirstTrialSwitchTimerState return 809c0201 [ent=ED1633-NPXX51362_00-0000000000000000, user=107182a4 pft=1]
"
PROCESS_OUTPUT,STREAM_STDIO,39,100149,2909631519763,"[Syscore App]TRACE : W:\Build\J02628837\sys\internal\syscore\app\app_syscore_event.cpp 1013 setResult()
"
PROCESS_OUTPUT,STREAM_STDIO,44,100491,2909704489360,"D/99301:SystemSoftware:
Application Started.
PlayStation(R)Store Delivered Content service may not be set up in DevNet.
See ""Pr"
PROCESS_OUTPUT,STREAM_STDIO,44,100491,2909704808363,"ogramming Startup Guide"" for details.
"
PROCESS_OUTPUT,STREAM_STDIO,49,100822,2909763482817,"[VCS]checkFocusStatus() [LNC->VCS] Focus Change. appType = 5(BIG_APP). appId = 0x6000120a.
"
PROCESS_OUTPUT,STREAM_STDIO,42,100229,2909771341864,"[SceLncService] onAppExit() appId={0x6000110b}
"
PROCESS_OUTPUT,STREAM_STDIO,71,101619,2910610444800,"**** NEO Mode ****
"
PROCESS_OUTPUT,STREAM_STDERR,71,101619,2910610644624,"GnmDriver_padebug enabled
"
PROCESS_OUTPUT,STREAM_STDIO,71,101619,2910669178688,"GPU DEBUGGER - PRX Initialized
"
PROCESS_OUTPUT,STREAM_STDIO,71,101619,2910690246337,"Successfully registered RTTV interface v9
"
PROCESS_OUTPUT,STREAM_STDIO,71,101619,2910713040445,"********************************************************************************
"
PROCESS_OUTPUT,STREAM_STDIO,71,101619,2910713146852,"RAZOR GPU: Capture module: Firmware build (10508011.00)
"
PROCESS_OUTPUT,STREAM_STDIO,71,101619,2910713188957,"********************************************************************************
"
PROCESS_OUTPUT,STREAM_STDERR,71,101619,2910713231932,"[RazorGpu2] GnmDriver interface v2.5 successfully retrieved
"
PROCESS_OUTPUT,STREAM_STDIO,71,101619,2910717247659,"Successfully registered Razor capture interface v7
"
PROCESS_OUTPUT,STREAM_STDERR,71,101619,2910717323281,"Razor GPU enabled
"
PROCESS_OUTPUT,STREAM_STDERR,71,101619,2910737969344,"[GNM Validate] module start
"
PROCESS_OUTPUT,STREAM_STDERR,71,101619,2910738075342,"*************************************************************************
"
PROCESS_OUTPUT,STREAM_STDERR,71,101619,2910738122789,"** Initialized Gnm Validation Module
"
PROCESS_OUTPUT,STREAM_STDERR,71,101619,2910738163935,"** Build Version: 10508011.0.0
"
PROCESS_OUTPUT,STREAM_STDERR,71,101619,2910738237012,"** Operation Mode: Neo
"
PROCESS_OUTPUT,STREAM_STDERR,71,101619,2910738280038,"** Build Type: Release
"
PROCESS_OUTPUT,STREAM_STDERR,71,101619,2910738320758,"** Loaded From Firmware
"
PROCESS_OUTPUT,STREAM_STDERR,71,101619,2910738379252,"*************************************************************************
"
PROCESS_OUTPUT,STREAM_STDIO,71,101619,2910899224213,"Total Mem (MB) : 5802 (Libc : 0, Flexible : 428, Direct 5374 (Onion Heap 256))
"
PROCESS_OUTPUT,STREAM_STDIO,71,101619,2910903890704,"FIOS2: built with SDK version 0x10508001
"
PROCESS_OUTPUT,STREAM_STDIO,71,101619,2910919624184,"Argument Count = 1Arg 0 = 
"
PROCESS_OUTPUT,STREAM_STDIO,71,101619,2910919722377,"********** LAUNCHER CONTROL ************************************
"
PROCESS_OUTPUT,STREAM_STDIO,71,101619,2910919775391,"	File System Root = NONE SPECIFIED
"
PROCESS_OUTPUT,STREAM_STDIO,71,101619,2910919816802,"	Launcher Path = NONE SPECIFIED
"
PROCESS_OUTPUT,STREAM_STDIO,71,101619,2910919858486,"	Launcher Arguments NONE SPECIFIED
"
PROCESS_OUTPUT,STREAM_STDIO,71,101619,2910919942949,"**********/LAUNCHER CONTROL ************************************
"
PROCESS_OUTPUT,STREAM_STDIO,71,101619,2910919985806,"Initial available direct memory : 5376MB
"
PROCESS_OUTPUT,STREAM_STDIO,71,101619,2911395438787,"[UnityMemory] Configuration Parameters - Can be set up in boot.config
"
PROCESS_OUTPUT,STREAM_STDIO,71,101619,2911395546497,"    ""memorysetup-temp-allocator-size-gfx=262144""
"
PROCESS_OUTPUT,STREAM_STDIO,71,101619,2911395588815,"    ""memorysetup-temp-allocator-size-audio-worker=65536""
"
PROCESS_OUTPUT,STREAM_STDIO,71,101619,2911395654849,"    ""memorysetup-temp-allocator-size-nav-mesh-worker=65536""
"
PROCESS_OUTPUT,STREAM_STDIO,71,101619,2911395697005,"    ""memorysetup-temp-allocator-size-preload-manager=262144""
"
PROCESS_OUTPUT,STREAM_STDIO,71,101619,2911395736858,"    ""memorysetup-temp-allocator-size-job-worker=262144""
"
PROCESS_OUTPUT,STREAM_STDIO,71,101619,2911395793341,"    ""memorysetup-temp-allocator-size-background-worker=32768""
"
PROCESS_OUTPUT,STREAM_STDIO,71,101619,2911395836762,"    ""memorysetup-allocator-temp-initial-block-size-main=262144""
"
PROCESS_OUTPUT,STREAM_STDIO,71,101619,2911395918576,"    ""memorysetup-allocator-temp-initial-block-size-worker=262144""
"
PROCESS_OUTPUT,STREAM_STDIO,71,101619,2911396003179,"    ""memorysetup-bucket-allocator-granularity=16""
"
PROCESS_OUTPUT,STREAM_STDIO,71,101619,2911396049660,"    ""memorysetup-bucket-allocator-bucket-count=8""
"
PROCESS_OUTPUT,STREAM_STDIO,71,101619,2911396143458,"    ""memorysetup-bucket-allocator-block-size=4194304""
"
PROCESS_OUTPUT,STREAM_STDIO,71,101619,2911396187059,"    ""memorysetup-bucket-allocator-block-count=1""
"
PROCESS_OUTPUT,STREAM_STDIO,71,101619,2911396226745,"    ""memorysetup-main-allocator-block-size=16777216""
"
PROCESS_OUTPUT,STREAM_STDIO,71,101619,2911396291699,"    ""memorysetup-thread-allocator-block-size=16777216""
"
PROCESS_OUTPUT,STREAM_STDIO,71,101619,2911396465139,"    ""memorysetup-gfx-main-allocator-block-size=16777216""
"
PROCESS_OUTPUT,STREAM_STDIO,71,101619,2911396514128,"    ""memorysetup-gfx-thread-allocator-block-size=16777216""
"
PROCESS_OUTPUT,STREAM_STDIO,71,101619,2911396557232,"    ""memorysetup-cache-allocator-block-size=4194304""
"
PROCESS_OUTPUT,STREAM_STDIO,71,101619,2911396647708,"    ""memorysetup-typetree-allocator-block-size=2097152""
"
PROCESS_OUTPUT,STREAM_STDIO,71,101619,2911396689731,"    ""memorysetup-profiler-bucket-allocator-granularity=16""
"
PROCESS_OUTPUT,STREAM_STDIO,71,101619,2911396751725,"    ""memorysetup-profiler-bucket-allocator-bucket-count=8""
"
PROCESS_OUTPUT,STREAM_STDIO,71,101619,2911396817020,"    ""memorysetup-profiler-bucket-allocator-block-size=4194304""
"
PROCESS_OUTPUT,STREAM_STDIO,71,101619,2911396858789,"    ""memorysetup-profiler-bucket-allocator-block-count=1""
"
PROCESS_OUTPUT,STREAM_STDIO,71,101619,2911396946950,"    ""memorysetup-profiler-allocator-block-size=16777216""
"
PROCESS_OUTPUT,STREAM_STDIO,71,101619,2911396990499,"    ""memorysetup-profiler-editor-allocator-block-size=1048576""
"
PROCESS_OUTPUT,STREAM_STDIO,71,101619,2911397029379,"    ""memorysetup-temp-allocator-size-main=4194304""
"
PROCESS_OUTPUT,STREAM_STDIO,71,101619,2911397122233,"    ""memorysetup-job-temp-allocator-block-size=2097152""
"
PROCESS_OUTPUT,STREAM_STDIO,71,101619,2911397163042,"    ""memorysetup-job-temp-allocator-block-size-background=1048576""
"
PROCESS_OUTPUT,STREAM_STDIO,71,101619,2911397230184,"    ""memorysetup-job-temp-allocator-reduction-small-platforms=262144""
"
PROCESS_OUTPUT,STREAM_STDIO,71,101619,2911491984195,"Found 1 interfaces on host : 0) 
"
PROCESS_OUTPUT,STREAM_STDERR,71,101619,2911492635004,"GetLocalIP: Error during connect: Network is unreachable
"
PROCESS_OUTPUT,STREAM_STDIO,71,101619,2911494264145,"Multi-casting ""[IP]  [Port] 35000 [Flags] 2 [Guid] 3490866781 [EditorId] 2541310309 [Version] 1048832 [Id] PS4Player(25,):4601 "
PROCESS_OUTPUT,STREAM_STDIO,71,101619,2911494528195,"[Debug] 0 [PackageName] PS4Player [ProjectName] Console Game Project"" to [225.0.0.222:54997]...
"
PROCESS_OUTPUT,STREAM_STDIO,71,101619,2911494575409,"[libil2cpp] sceAppContentInitialize returned 0x80d90003
"
PROCESS_OUTPUT,STREAM_STDIO,71,101619,2911494636884,"
"
PROCESS_OUTPUT,STREAM_STDIO,42,100233,2911558586203,"[SceLncService] launchApp(NPXS22010)
"
PROCESS_OUTPUT,STREAM_STDIO,42,100233,2911559222243,"[SceLncService] category={gdg} VRMode={0,0}
"
PROCESS_OUTPUT,STREAM_STDIO,42,100233,2911559474877,"[SceLncService] hnm,psnf,pc,tk,ns={1,0,1,0,0} appBootMode={-1}
"
PROCESS_OUTPUT,STREAM_STDIO,42,100233,2911559645972,"[SceLncService] appType={SCE_LNC_APP_TYPE_CDLG} [] appVer={00.00}
"
PROCESS_OUTPUT,STREAM_STDIO,42,100233,2911559862195,"[SceLncService] Num. of logged-in users is 1
"
PROCESS_OUTPUT,STREAM_STDIO,42,100233,2911560096337,"[SceLncService] PrepareProcessLaunchDebuggerCheck()
"
PROCESS_OUTPUT,STREAM_STDIO,42,100233,2911560908782,"[SceLncService] PrepareProcessLaunchDebuggerCheck() returned
"
PROCESS_OUTPUT,STREAM_STDIO,42,100233,2911562610732,"[SceLncService] PrepareProcessLaunchDebugger()
"
PROCESS_OUTPUT,STREAM_STDIO,42,100233,2911564534330,"[SceLncService] PrepareProcessLaunchDebugger() returned
"
PROCESS_OUTPUT,STREAM_STDIO,42,100233,2911589552668,"[SceLncService] spawnApp
"
PROCESS_OUTPUT,STREAM_STDIO,39,100148,2911589821504,"[Syscore App] createApp NPXS22010
"
PROCESS_OUTPUT,STREAM_STDIO,39,100148,2911590117037,"[Syscore App] processSpawn(pid, 0x6000130b, 0x1130b170, appParam, processParam, 0, 0, 1, param, debug, 0)
"
PROCESS_OUTPUT,STREAM_STDIO,39,100148,2911590172176,"[Syscore App] appParam: appType = 0x6, rootPath = /mnt/sandbox/NPXS22010_000, titleId = NPXS22010
"
PROCESS_OUTPUT,STREAM_STDIO,39,100148,2911590216704,"[Syscore App] processParam: elfPath = /app0/eboot.bin, fullPath = /system/vsh/app/NPXS22010/eboot.bin
"
PROCESS_OUTPUT,STREAM_STDIO,39,100148,2911592888960,"[Syscore App] new pid=0x48[Syscore App] attributeExe= 0
"
PROCESS_OUTPUT,STREAM_STDIO,39,100148,2911594061030,"[Syscore App] Ready to exec
"
PROCESS_OUTPUT,STREAM_STDIO,39,100148,2911594540150,"[Syscore App] wait for NOTE_EXIT|NOTE_EXEC
"
PROCESS_OUTPUT,STREAM_STDIO,39,100148,2911618610551,"[Syscore App] Add event : pid=0x48
"
PROCESS_OUTPUT,STREAM_STDIO,39,100148,2911620822033,"[AppMgr Trace]: New Process, pid=0x48, created.
"
PROCESS_OUTPUT,STREAM_STDIO,39,100148,2911621755639,"[AppMgr Trace]: New App, appId=0x6000130b, created
"
PROCESS_OUTPUT,STREAM_STDIO,39,100148,2911622337798,"[Syscore App]  ExpandCpuSetMode : disable
"
PROCESS_OUTPUT,STREAM_STDIO,44,100491,2911794341188,"[SceShellUI] I/PSM.UI : OnFocusActiveSceneChanged [ContentAreaScene : ContentAreaScene] -> [SplashScreen : SplashScreenScene]
"
PROCESS_OUTPUT,STREAM_STDIO,44,100491,2911794519905,"[SceShellUI] I/PSM.UI :      Scene [SplashScreen : SplashScreenScene] : Alive
"
PROCESS_OUTPUT,STREAM_STDIO,44,100491,2911794844615,"SetDeviceIndexBehavior: mode=MergeAllConnectedDevice, param=null
"
PROCESS_OUTPUT,STREAM_STDIO,44,100491,2911795013130,"[Theme/I] : ActiveUserChanged : From : [BLUE(userId = 107182a4)]
"
PROCESS_OUTPUT,STREAM_STDIO,44,100491,2911795061312,"[Theme/I] : ActiveUserChanged : To   : [ANONYMOUS(userId = ffffffff)]
"
PROCESS_OUTPUT,STREAM_STDIO,44,100491,2911795571532,"[Theme/I] : Apply [ANONYMOUS] : [Option:101000]: with not preloaded user
"
PROCESS_OUTPUT,STREAM_STDIO,39,100135,2911824590720,"[mbus] onNewClient. clientNum 10 over 8
"
CP_KERNEL_OUTPUT,STREAM_SYSCON,0,0,1826725898,"[avs] no need to change 3,8,2911815994566
"
PROCESS_OUTPUT,STREAM_STDIO,71,101619,2911845290064,"New input system (experimental) initialized
"
PROCESS_OUTPUT,STREAM_STDIO,71,101619,2911938994323,"[Subsystems] Discovering subsystems at path /app0/Media/UnitySubsystems
"
PROCESS_OUTPUT,STREAM_STDIO,71,101619,2911940343035,"GfxDevice: creating device client; threaded=1; jobified=1
"
PROCESS_OUTPUT,STREAM_STDIO,71,101619,2911941459277,"GfxDevice...
"
PROCESS_OUTPUT,STREAM_STDIO,71,101619,2911942572192,"    Vendor:   SCE
"
PROCESS_OUTPUT,STREAM_STDIO,71,101619,2911943681557,"    Version:  0x10508001
"
PROCESS_OUTPUT,STREAM_STDIO,71,101619,2911944702514,"    Renderer: Gnm, native gfx jobs
"
PROCESS_OUTPUT,STREAM_STDIO,71,101619,2911945622389,"    Garlic memory: 2560MiB
"
PROCESS_OUTPUT,STREAM_STDIO,71,101619,2911953087572,"Initialize engine version: 2022.3.4f1 (35713cd46cd7)
"
PROCESS_OUTPUT,STREAM_STDIO,44,100491,2912116774042,"D/99301:AudioOut:
sceAudioOutGetPortState() is called.
R4162 Test is required.
"
PROCESS_OUTPUT,STREAM_STDIO,42,100206,2912126640807,"[SL] AppFocusChanged [NPXS20001] -> [NPXX51362]
"
PROCESS_OUTPUT,STREAM_STDIO,42,100222,2912129789617,"[PS]Error: W:\Build\J02628840\vsh\shell\shell_core\process_starter\process_mount.cpp at 1218
"
PROCESS_OUTPUT,STREAM_STDIO,42,100222,2912129889929,"sceRifManagerPlayFirstTrialSwitchTimerState return 809c0201 [ent=ED1633-NPXX51362_00-0000000000000000, user=107182a4 pft=6]
"
PROCESS_OUTPUT,STREAM_STDIO,50,100830,2912130862368,"[AppDb] openDb()[1026]: [File:Open] openDb() call dbutil::Connection::Open() path[/xl6jzK5Xch/priv/mms/app.db] flags[0x10000002"
PROCESS_OUTPUT,STREAM_STDIO,50,100830,2912130920783,"] result[0x0, 0]
"
PROCESS_OUTPUT,STREAM_STDIO,50,100830,2912131109694,"[AppDb] AppInfoDbInitializeDaemon()[54]: [File:Open] AppInfoDbInitializeDaemon() call DbAccessor::Init() path[/xl6jzK5Xch/priv/"
PROCESS_OUTPUT,STREAM_STDIO,50,100830,2912131212739,"mms/app.db] result[0x0, 0].
"
PROCESS_OUTPUT,STREAM_STDIO,50,100830,2912133046923,"[AppDb] AppInfoDbTerminateDaemon()[67]: [File:Close] AppInfoDbTerminateDaemon() call DbAccessor::Terminate().
"
PROCESS_OUTPUT,STREAM_STDIO,50,100830,2912133231681,"[AppDb] Terminate()[764]: [File:Close] DbAccessor::Terminate() call dbutil::Connection::Close().
"
PROCESS_OUTPUT,STREAM_STDIO,44,100615,2912435699368,"#PROFILE CACHE#: \profile_cache_server_event.cpp(38) : onNewClient : 
"
PROCESS_OUTPUT,STREAM_STDIO,72,101666,2912439860083,"[PSM] PsmFramework::Initialize
"
PROCESS_OUTPUT,STREAM_STDIO,72,101666,2912440023072,"PSM:53fb90d8e3aa1a694ccf0e05225d2a64860f0c1c
"
PROCESS_OUTPUT,STREAM_STDIO,72,101666,2912440071441,"MonoVM:85d0c67fcc94e2add1cf06639fe62290f2a47522
"
PROCESS_OUTPUT,STREAM_STDIO,72,101666,2912440124458,"BootParam :1   
"
PROCESS_OUTPUT,STREAM_STDIO,72,101666,2912440166733,"[PSM] set assembly path for mono
"
PROCESS_OUTPUT,STREAM_STDIO,72,101666,2912440211044,"[PSM] Loading Json
"
PROCESS_OUTPUT,STREAM_STDIO,72,101666,2912448678068,"[PSM] Loading PsmUtil
"
PROCESS_OUTPUT,STREAM_STDIO,72,101666,2912470036528,"[PSM] Loading Mono: libmono-btls-shared
"
PROCESS_OUTPUT,STREAM_STDIO,72,101666,2912481954628,"[PSM] Loading Mono: libmonosgen-2.0
"
PROCESS_OUTPUT,STREAM_STDIO,72,101666,2912501102220,"[PSM] LoadModulesInBG 0 msec
"
PROCESS_OUTPUT,STREAM_STDIO,72,101716,2912501199834,"[PSM] Loading SysCore
"
PROCESS_OUTPUT,STREAM_STDIO,72,101716,2912509670624,"[PSM] Loading libSceDipsw
"
PROCESS_OUTPUT,STREAM_STDIO,72,101716,2912523477655,"[PSM] Loading SystemService
"
PROCESS_OUTPUT,STREAM_STDIO,72,101716,2912523588338,"[PSM] Loading AudioOut
"
PROCESS_OUTPUT,STREAM_STDIO,72,101716,2912523638682,"[PSM] Loading Camera
"
PROCESS_OUTPUT,STREAM_STDIO,72,101666,2912523682948,"[PSM] ScePsmMonoSgenSetThreadType() thread_type = ::ORBIS
"
PROCESS_OUTPUT,STREAM_STDIO,72,101666,2912523821477,"[PSM] debugger off
"
PROCESS_OUTPUT,STREAM_STDIO,72,101666,2912523867463,"[PSM] AOT mode
"
PROCESS_OUTPUT,STREAM_STDIO,72,101666,2912523950795,"[PSM] AOT mode
"
PROCESS_OUTPUT,STREAM_STDIO,71,101619,2912523995433,"Profiler enabled
"
PROCESS_OUTPUT,STREAM_STDIO,72,101666,2912524703076,"mount ---
"
PROCESS_OUTPUT,STREAM_STDIO,72,101666,2912525362328,"Failed to create filesystem from /app0/psm/Temp
"
PROCESS_OUTPUT,STREAM_STDIO,72,101666,2912525619599,"Failed to create filesystem from /app0/psm/Documents
"
PROCESS_OUTPUT,STREAM_STDIO,72,101666,2912525666331,"Failed to create filesystem from /app0/psm/System
"
PROCESS_OUTPUT,STREAM_STDIO,72,101716,2912534470736,"[PSM] Loading VideoCoreServerInterface
"
PROCESS_OUTPUT,STREAM_STDIO,49,100824,2912546358851,"[VCS]onNewClient() [APP->VCS] clientPid = 0x48, applicationId = 0x6000130b, sprxType = 0.
"
PROCESS_OUTPUT,STREAM_STDIO,72,101716,2912551781864,"[PSM] Loading Audiodec
"
PROCESS_OUTPUT,STREAM_STDIO,72,101666,2912603304723,"[PSM Mem] Allocated 12582912 bytes for Resource Heap
"
PROCESS_OUTPUT,STREAM_STDIO,72,101666,2912603818135,"Initializing PSM Graphics for PGraphics
"
PROCESS_OUTPUT,STREAM_STDIO,39,100135,2912608400807,"[mbus] onNewClient. clientNum 11 over 8
"
PROCESS_OUTPUT,STREAM_STDIO,72,101666,2912609074218,"[AudioOut] sceAudioOutOpen() with restricted flag:pid=0x48 ch=7
"
PROCESS_OUTPUT,STREAM_STDIO,72,101666,2912609880429,"[AudioOut] sceAudioOutOpen() with restricted flag:pid=0x48 ch=8
"
PROCESS_OUTPUT,STREAM_STDIO,72,101724,2912611785467,"ScePsP[TID:0x18d5c]: Open Pad [0x000000000007030d, 0, 0]: ret=0x03320600
"
PROCESS_OUTPUT,STREAM_STDIO,72,101724,2912612844851,"ScePsP[TID:0x18d5c]: Open Pad [0x000000000002030e, 16, 0]: ret=0x03330601
"
PROCESS_OUTPUT,STREAM_STDIO,72,101724,2912613126634,"ScePsP[TID:0x18d5c]: ConnectedDeviceStatus: count=2
"
PROCESS_OUTPUT,STREAM_STDIO,72,101724,2912613172064,"  [c][DeviceId          ][UserId    ][Model     ]
"
PROCESS_OUTPUT,STREAM_STDIO,72,101724,2912613431404,"  [o][0x000000000007030d][0x107182a4][DUALSHOCK4]
"
PROCESS_OUTPUT,STREAM_STDIO,72,101724,2912613480071,"  [ ][0xffffffffffffffff][0xffffffff][none      ]
"
PROCESS_OUTPUT,STREAM_STDIO,72,101724,2912614135015,"  [ ][0xffffffffffffffff][0xffffffff][none      ]
"
PROCESS_OUTPUT,STREAM_STDIO,72,101724,2912614220937,"  [ ][0xffffffffffffffff][0xffffffff][none      ]
"
PROCESS_OUTPUT,STREAM_STDIO,72,101666,2912631886368,"[ScePsmUtil] sceImeClientInitialize 
"
PROCESS_OUTPUT,STREAM_STDIO,72,101666,2912632157075,"[ScePsmUtil] sce::tts::InitializeCsharp() 
"
PROCESS_OUTPUT,STREAM_STDIO,72,101666,2912632459012,"[ScePsmUtil] sce::pss::orbis::video::InitializeCsharp() 
"
PROCESS_OUTPUT,STREAM_STDIO,72,101666,2912632682942,"[PSM] PsmFramework::Initailize() 121 msec. elapsed
"
PROCESS_OUTPUT,STREAM_STDIO,72,101666,2912644546884,"Register libGlsSharedMediaNativaCall PInvokes
"
PROCESS_OUTPUT,STREAM_STDIO,71,101619,2912770858804,"UnloadTime: 0.955107 ms
"
PROCESS_OUTPUT,STREAM_STDIO,71,101619,2912795783216,"BoxColliders does not support negative scale or size.
"
PROCESS_OUTPUT,STREAM_STDIO,71,101619,2912795887456,"The effective box size has been forced positive and is likely to give unexpected collision geometry.
"
PROCESS_OUTPUT,STREAM_STDIO,71,101619,2912795930845,"If you absolutely need to use negative scaling you can use the convex MeshCollider. Scene hierarchy path ""cube""
"
PROCESS_OUTPUT,STREAM_STDIO,44,100491,2912804261495,"[SceShellUI] I/PSM.UI : OnFocusActiveSceneChanged [SplashScreen : SplashScreenScene] -> [AppScreen : ApplicationScreenScene]
"
PROCESS_OUTPUT,STREAM_STDIO,44,100491,2912804368248,"[SceShellUI] I/PSM.UI :      Scene [AppScreen : ApplicationScreenScene] : Alive
"
PROCESS_OUTPUT,STREAM_STDIO,44,100491,2912805017552,"SetDeviceIndexBehavior: mode=MergeAllConnectedDevice, param=null
"
PROCESS_OUTPUT,STREAM_STDIO,44,100491,2912805483034,"[Theme/I] : Apply [ANONYMOUS] : [Option:101000]: with not preloaded user
"
PROCESS_OUTPUT,STREAM_STDIO,72,101666,2913625887446,"[SceCdlgApp] I/PSM.UI : UISystem timer started!! 00:00:00.0000644
"
PROCESS_OUTPUT,STREAM_STDIO,72,101666,2913649772176,"[SceCdlgApp] I/PSM.UI : UI RenderingSettings Resolution: Pixels2K[1920,1080]
"
PROCESS_OUTPUT,STREAM_STDIO,72,101666,2913652052989,"[SceCdlgApp] I/PSM.UI : OnAccessibilitySettingsChanged
"
PROCESS_OUTPUT,STREAM_STDIO,72,101666,2913695326392,"[SceCdlgApp] I/PSM.UI : TimerLog: diff [39.19]msec / process time [1317]msec / GC[0] :  [UIInitialize] UISystem.InitializeTopMo"
PROCESS_OUTPUT,STREAM_STDIO,72,101666,2913695445254,"st
"
PROCESS_OUTPUT,STREAM_STDIO,72,101666,2913827821368,"[VPA] PAllocatorInitialize system(addr=1309c00000, size=4194304) video=(addr=13bca00000, size=41943040)
"
PROCESS_OUTPUT,STREAM_STDIO,72,101666,2913828371844,"[PGraphics] Create PGraphicsDevice v[13bca00000 - 13bf200000] s[1309c00000 - 130a000000]
"
PROCESS_OUTPUT,STREAM_STDIO,72,101666,2913830492717,"[PGraphics] Allocated compositor index 0
"
PROCESS_OUTPUT,STREAM_STDIO,72,101666,2913830932105,"Initialized PGraphicsDevice 881207d20
"
PROCESS_OUTPUT,STREAM_STDIO,72,101666,2913866350487,"[SceCdlgApp] I/PSM.UI : TimerLog: diff [70.81]msec / process time [1426]msec / GC[0] : => [UIInitialize] UISystem.InitializeGra"
PROCESS_OUTPUT,STREAM_STDIO,72,101666,2913866697356,"phics: 
"
PROCESS_OUTPUT,STREAM_STDIO,72,101666,2913963800480,"[SceCdlgApp] I/PSM.UI : Allocating Emojis at Initialize...
"
PROCESS_OUTPUT,STREAM_STDIO,72,101666,2913969163825,"[SceCdlgApp] I/PSM.UI : Allocating ShellUI Emojis...
"
PROCESS_OUTPUT,STREAM_STDIO,72,101666,2913971776100,"[SceCdlgApp] I/PSM.UI : Allocating Unicode Emojis from PNG...
"
PROCESS_OUTPUT,STREAM_STDIO,72,101666,2913980137470,"[SceCdlgApp] I/PSM.UI : Allocating Unicode Emojis from Atlas...
"
PROCESS_OUTPUT,STREAM_STDIO,72,101666,2913983894357,"[SceCdlgApp] I/PSM.UI : TimerLog: diff [57.88]msec / process time [1500]msec / GC[0] : => [UIInitialize] UISystem.PreloadSystem"
PROCESS_OUTPUT,STREAM_STDIO,72,101666,2913983955139,"Texture
"
PROCESS_OUTPUT,STREAM_STDIO,72,101666,2913987896843,"[SceCdlgApp] I/PSM.UI : SystemSound::Initialize() 
"
PROCESS_OUTPUT,STREAM_STDIO,72,101666,2913994446363,"[SceCdlgApp] I/PSM.UI : VideoOutMode   : IsSystemDefault=True, IsVr=False
"
PROCESS_OUTPUT,STREAM_STDIO,72,101666,2913994718339,"[SceCdlgApp] I/PSM.UI : VideoOutStatus : [3840 2160] : freq 59.94
"
PROCESS_OUTPUT,STREAM_STDIO,72,101666,2913997297915,"[SceCdlgApp] I/PSM.UI : TimerLog: diff [175.05]msec / process time [1508]msec / GC[0] :  [UIInitialize] UISystem.InitializeBefo"
PROCESS_OUTPUT,STREAM_STDIO,72,101666,2913997494208,"reRendering
"
PROCESS_OUTPUT,STREAM_STDIO,72,101666,2914052114038,"[SceCdlgApp] W/PSM.UI : **** WARNING: Shown called without Alive status : TransitionScene
"
PROCESS_OUTPUT,STREAM_STDIO,72,101666,2914095094492,"[SceCdlgApp] I/PSM.UI : SoundScriptManager initialized 
"
PROCESS_OUTPUT,STREAM_STDIO,72,101666,2914264311922,"[SceCdlgApp] W/PSM.UI : ** NOTICE: LoadSync : BlankScene : Scene
"
PROCESS_OUTPUT,STREAM_STDIO,72,101666,2914270041028,"[SceCdlgApp] W/PSM.UI : ** NOTICE: LoadSync : TransitionScene : TransitionScene
"
PROCESS_OUTPUT,STREAM_STDIO,72,101666,2914377967487,"[SceCdlgApp] W/PSM.UI : Invalid widget type! _Count
"
PROCESS_OUTPUT,STREAM_STDIO,72,101666,2914389991227,"[SceCdlgApp] W/PSM.UI : ** NOTICE: LoadSync : Sce.Cdlg.Framework.Plugin : Plugin
"
PROCESS_OUTPUT,STREAM_STDIO,72,101666,2914390492239,"[SceCdlgApp] W/PSM.UI : !!!! WARNING !!!! /Application/resource/Sce.Cdlg.Framework.rco is loaded in main thread.
"
PROCESS_OUTPUT,STREAM_STDIO,72,101666,2914391192586,"GetLocaleElement() failed in SetLocale
"
PROCESS_OUTPUT,STREAM_STDIO,72,101666,2914392354500,"[SceCdlgApp] W/PSM.UI : cxml://CdlgFrameworkPlugin/tex_cdlg_bg is going to be loaded on main thread.
"
PROCESS_OUTPUT,STREAM_STDIO,72,101666,2914393478658,"[SceCdlgApp] W/PSM.UI : !!!! WARNING !!!! cxml://CdlgFrameworkPlugin/tex_cdlg_bg is loaded in main thread.
"
PROCESS_OUTPUT,STREAM_STDIO,72,101666,2914394716852,"[SceCdlgApp] W/PSM.UI : !!!! WARNING !!!! cxml://CdlgFrameworkPlugin/layout_cdlg_root is loaded in main thread.
"
PROCESS_OUTPUT,STREAM_STDIO,72,101666,2914414630279,"[SceCdlgApp] W/PSM.UI : !!!! WARNING !!!! cxml://CdlgFrameworkPlugin/layout_cdlg_bg is loaded in main thread.
"
PROCESS_OUTPUT,STREAM_STDIO,72,101666,2914436866532,"[SceCdlgApp] W/PSM.UI : WARNING : Scene LayoutBuild : [12.11msec/1widgets] : Sce.Cdlg.Framework.Plugin : Plugin
"
PROCESS_OUTPUT,STREAM_STDIO,72,101666,2914508420744,"[SceCdlgApp] I/PSM.UI : SceneQ : Loaded[0.60msec] Layout[0.00msec/0widgets] : Noname : ContainerScene
"
PROCESS_OUTPUT,STREAM_STDIO,72,101666,2914518236768,"[SceCdlg] setSuspend
"
PROCESS_OUTPUT,STREAM_STDIO,42,100225,2914642120996,"[SceLncService] suspendApp() appId={0x6000130b}, causeCode={0x0000000d}
"
PROCESS_OUTPUT,STREAM_STDIO,42,101741,2914649892600,"[SceLncService] lockSuspendBlock(0x6000130b)
"
PROCESS_OUTPUT,STREAM_STDIO,42,101741,2914649999965,"[SceLncService] lockSuspendBlock: appId={0x6000130b}
"
PROCESS_OUTPUT,STREAM_STDIO,42,101742,2914650424288,"[SceLncService] sceApplicationSuspend(0x6000130b)
"
PROCESS_OUTPUT,STREAM_STDIO,39,100151,2914650724530,"[Syscore App] Suspend App : 0x6000130b NPXS22010
"
PROCESS_OUTPUT,STREAM_STDIO,39,100151,2914651028474,"[Syscore App] Suspend process : 0x48
"
PROCESS_OUTPUT,STREAM_STDIO,39,100151,2914700813867,"[Syscore App] Suspend process : 0x48 => 0
"
PROCESS_OUTPUT,STREAM_STDIO,39,100151,2914708648419,"[AppMgr Trace]: AppId=0x6000130b suspended
"
PROCESS_OUTPUT,STREAM_STDIO,39,100151,2914708922497,"[Syscore App] Suspend App : 0x6000130b NPXS22010 => SCE_OK
"
PROCESS_OUTPUT,STREAM_STDIO,39,100151,2914708972443,"[Syscore App]  ExpandCpuSetMode : disable
"
PROCESS_OUTPUT,STREAM_STDIO,42,101742,2914709261795,"[SceLncService] sceApplicationSuspend(0x6000130b) returned
"
PROCESS_OUTPUT,STREAM_STDIO,42,100222,2914710984562,"MSG AutoMounter(int32_t AppIdManager::getPidWithIndex(SceApplicationId, int, pid_t *) 174):
"
PROCESS_OUTPUT,STREAM_STDIO,42,100222,2914711065103,"	appId(0x6000130b) with index(0) is not registered.
"
PROCESS_OUTPUT,STREAM_STDIO,42,100222,2914711105362,"MSG AutoMounter(int32_t AutoMount::UsbMass::fakeEjection(SceApplicationId) 716):
"
PROCESS_OUTPUT,STREAM_STDIO,42,100222,2914711145988,"	getPidWithIndex(0x6000130b, 0) returned 0x80f40002.
"
PROCESS_OUTPUT,STREAM_STDIO,42,100225,2914716964662,"[SceLncService] unlockSuspendBlock: appId={0x6000130b}
"
PROCESS_OUTPUT,STREAM_STDIO,49,100822,2914818700479,"[VCS]checkApplicationStatus() [LNC->VCS] App was Suspended. appId = 0x6000130b.
"
PROCESS_OUTPUT,STREAM_STDIO,44,100491,2916661658644,"[SceShellUI] I/PSM.UI : [NoDraw] : ClearFrameBuffer=False
"
PROCESS_OUTPUT,STREAM_STDIO,44,100491,2917219050486,"[SceShellUI] I/PSM.UI : [FirstClear] : ClearFrameBuffer=False
"
PROCESS_OUTPUT,STREAM_STDIO,42,100158,2918211998324,"[SceShellCore] Libc Heap Status: free 41%, in-use 3563.9 KB, trend +0.3 KB/min, peak 4032.0 KB, when 1816 [sec]
"
PROCESS_OUTPUT,STREAM_STDIO,71,101619,2920755022472,"fps 59.367 (16.844 ms), objects: 1571, coroutines: 0
"
PROCESS_OUTPUT,STREAM_STDIO,44,100491,2923337283419,"[SceShellUI] I/PSM.UI : [NoDraw] : ClearFrameBuffer=False
"
PROCESS_OUTPUT,STREAM_STDIO,44,100491,2923947206124,"[SceShellUI] I/PSM.UI : [FirstClear] : ClearFrameBuffer=False
"
PROCESS_OUTPUT,STREAM_STDIO,71,101619,2928732737798,"fps 59.944 (16.682 ms), objects: 1571, coroutines: 0
"
PROCESS_OUTPUT,STREAM_STDIO,44,100491,2933309637796,"[SceShellUI] I/PSM.UI : [NoDraw] : ClearFrameBuffer=False
"
PROCESS_OUTPUT,STREAM_STDIO,71,101619,2936711043415,"fps 59.938 (16.684 ms), objects: 1571, coroutines: 0
"
PROCESS_OUTPUT,STREAM_STDIO,71,101619,2944688906551,"fps 59.943 (16.683 ms), objects: 1571, coroutines: 0
"
PROCESS_OUTPUT,STREAM_STDIO,71,101619,2952667109619,"fps 59.939 (16.684 ms), objects: 1571, coroutines: 0
"
PROCESS_OUTPUT,STREAM_STDIO,71,101619,2960644605091,"fps 59.944 (16.682 ms), objects: 1571, coroutines: 0
"
PROCESS_OUTPUT,STREAM_STDIO,71,101619,2968622797462,"fps 59.940 (16.683 ms), objects: 1571, coroutines: 0
"
PROCESS_OUTPUT,STREAM_STDIO,71,101619,2976600722772,"fps 59.941 (16.683 ms), objects: 1571, coroutines: 0
"
PROCESS_OUTPUT,STREAM_STDIO,71,101619,2984578694091,"fps 59.941 (16.683 ms), objects: 1571, coroutines: 0
"
PROCESS_OUTPUT,STREAM_STDIO,42,100158,2991635409499,"[SceShellCore] Libc Heap Status: free 41%, in-use 3570.6 KB, trend +7.1 KB/min, peak 4032.0 KB, when 1862 [sec]
"
PROCESS_OUTPUT,STREAM_STDIO,71,101619,2992556582287,"fps 59.942 (16.683 ms), objects: 1571, coroutines: 0
"
PROCESS_OUTPUT,STREAM_STDIO,39,100136,2996804351451,"* removeDevice:L1424 [MBUS] Receive device disconnect event.(deviceId=0x2100000007030d)
"
PROCESS_OUTPUT,STREAM_STDIO,39,100136,2996804687810,"* removeDevice:L1424 [MBUS] Receive device disconnect event.(deviceId=0x7030d)
"
PROCESS_OUTPUT,STREAM_STDIO,39,100136,2996804903903,"**getHidBatteryState:L373 sceHidControlGetBatteryState() failed. devId=0x7030d, ret=0x803b0003
"
PROCESS_OUTPUT,STREAM_STDIO,39,100136,2996805529261,"**getHidBatteryState:L373 sceHidControlGetBatteryState() failed. devId=0x7030d, ret=0x803b0003
"
PROCESS_OUTPUT,STREAM_STDIO,39,100136,2996805660605,"**getHidBatteryState:L373 sceHidControlGetBatteryState() failed. devId=0x7030d, ret=0x803b0003
"
PROCESS_OUTPUT,STREAM_STDIO,39,100136,2996805799408,"**getHidBatteryState:L373 sceHidControlGetBatteryState() failed. devId=0x7030d, ret=0x803b0003
"
PROCESS_OUTPUT,STREAM_STDIO,39,100136,2996805910861,"@ checkAudioOutHandleStatus:L2487
"
PROCESS_OUTPUT,STREAM_STDIO,44,100547,2996813986368,"ScePsP[TID:0x188c3]: sceMbusEvent has been received. (eventId=2 REMOVED, deviceId=0x7030d)
"
PROCESS_OUTPUT,STREAM_STDIO,44,100733,2996814516895,"#LOGIN MGR# Receive Event : SCE_MBUS_EVENT_DEVICE_REMOVED [DeviceId:0x7030d][SubType:2][REASON:0]
"
PROCESS_OUTPUT,STREAM_STDIO,44,100733,2996814707903,"#LOGIN MGR# [DeviceQueueMgr::Dequeue(new)] deviceId : 0x000000000007030d / isForce : 0 / isDeviceRemoved : 1
"
PROCESS_OUTPUT,STREAM_STDIO,44,100547,2996814771668,"ScePsP[TID:0x188c3]: Close Pad [0x03230301]: ret=0x00000000
"
PROCESS_OUTPUT,STREAM_STDIO,44,100547,2996814957313,"ScePsP[TID:0x188c3]: ConnectedDeviceStatus: count=1
"
PROCESS_OUTPUT,STREAM_STDIO,44,100547,2996815010053,"  [c][DeviceId          ][UserId    ][Model     ]
"
PROCESS_OUTPUT,STREAM_STDIO,44,100547,2996815050192,"  [ ][0xffffffffffffffff][0xffffffff][none      ]
"
PROCESS_OUTPUT,STREAM_STDIO,44,100547,2996815091061,"  [ ][0xffffffffffffffff][0xffffffff][none      ]
"
PROCESS_OUTPUT,STREAM_STDIO,44,100547,2996815130806,"  [ ][0xffffffffffffffff][0xffffffff][none      ]
"
PROCESS_OUTPUT,STREAM_STDIO,44,100547,2996815259123,"  [ ][0xffffffffffffffff][0xffffffff][none      ]
"
PROCESS_OUTPUT,STREAM_STDIO,44,100491,2996837414013,"[LoginMgr] OnLoginMgrDequeueEvent
"
PROCESS_OUTPUT,STREAM_STDIO,44,100491,2996838508630,"[LoginMgr:EventQueue] Dequeue - param : {""EventType"":3,""deviceId"":459533,""isDeviceRemoved"":true,""isForce"":false}
"
PROCESS_OUTPUT,STREAM_STDIO,44,100491,2996839612783,"[LoginMgr:Queue] Dequeue - queueType : Level2 / eventType : QueueEventTypeSelectUser / eventJson : [{""EventType"":3,""deviceId"":4"
PROCESS_OUTPUT,STREAM_STDIO,44,100491,2996839717090,"59533,""isDeviceRemoved"":true,""isForce"":false}] / isForce : False / isDeviceRemoved : True
"
PROCESS_OUTPUT,STREAM_STDIO,44,100491,2998062400451,"[SceShellUI] I/PSM.UI : [FirstClear] : ClearFrameBuffer=False
"
PROCESS_OUTPUT,STREAM_STDIO,71,101619,3000534881897,"fps 59.939 (16.684 ms), objects: 1571, coroutines: 0
"
PROCESS_OUTPUT,STREAM_STDIO,44,100491,3002422334360,"[SceShellUI] I/PSM.UI : UI system timer elapsed 00:31:00
"
PROCESS_OUTPUT,STREAM_STDIO,39,100135,3002920858818,"@ removeSession:L184
"
PROCESS_OUTPUT,STREAM_STDIO,42,100158,3002923828754,"[SceSystemStateMgr] Power Mode Change: FULL_GAME
"
PROCESS_OUTPUT,STREAM_STDIO,42,100158,3002929178872,"[SceSystemStateMgr] CPU  HLT CP SE CU ACLK DCLK ECLK LCLK SCLK SAMCLK VCLK DispCLK NCLK MemCLK MemP GMC DPM VDD      VDDNB    S"
PROCESS_OUTPUT,STREAM_STDIO,42,100158,3002929284098,"OC      
"
PROCESS_OUTPUT,STREAM_STDIO,42,100158,3002929560607,"[SceSystemStateMgr] 2100   0 GL  4 36  800  853  711  800  911    800  984     673 1700   1700   GL  GL   3 050/1037 043/1075 0"
PROCESS_OUTPUT,STREAM_STDIO,42,100158,3002929616712,"0740f12
"
PROCESS_OUTPUT,STREAM_STDIO,44,100733,3003215536180,"#LOGIN MGR# Receive Event : SCE_MBUS_EVENT_VIDEO_OUT_EVENT eventType=0x0
"
CP_KERNEL_OUTPUT,STREAM_SYSCON,0,0,1884061422,"[avs] no need to change 3,9,3003209382904
"
PROCESS_OUTPUT,STREAM_STDIO,44,100491,3004180211046,"[SceShellUI] I/PSM.UI : [NoDraw] : ClearFrameBuffer=False
"
PROCESS_OUTPUT,STREAM_STDIO,44,100491,3004737925962,"[SceShellUI] I/PSM.UI : [FirstClear] : ClearFrameBuffer=False
"
PROCESS_OUTPUT,STREAM_STDIO,71,101619,3008512769671,"fps 59.942 (16.683 ms), objects: 1571, coroutines: 0
"
PROCESS_OUTPUT,STREAM_STDIO,44,100491,3014099348895,"[SceShellUI] I/PSM.UI : [NoDraw] : ClearFrameBuffer=False
"
PROCESS_OUTPUT,STREAM_STDIO,71,101619,3016490523598,"fps 59.943 (16.682 ms), objects: 1571, coroutines: 0
"
